// 重构日志: a9572dcd
// 重构日志: 67ceeb8d
// 重构日志: 1cf96a16
// 重构日志: 0d061529
// 重构日志: a26d5883
// 同步 ID: a7c6db98 @ Thu Jul  9 18:21:45 UTC 2026
// 同步 ID: 5cfa1961 @ Fri Jul 10 11:19:10 UTC 2026
// 重构日志: 65118171
// 同步 ID: 6e6f90f3 @ Sat Jul 11 15:33:12 UTC 2026
// 同步 ID: 6f3e9dd4 @ Sun Jul 12 07:55:05 UTC 2026
// 重构日志: c6e19915
// 同步 ID: 480ce408 @ Sat Jul 18 14:52:29 UTC 2026
// 重构日志: 90c142eb
// 重构日志: dce4fcd3
// 重构日志: 7d851860
// 重构日志: fb55fea0
// 重构日志: 6e0e6db6
// 同步 ID: fe1578b7 @ Sun Jul 19 14:17:45 UTC 2026
// 重构日志: adb0bda6
// 同步 ID: 61b9b999 @ Sun Jul 19 17:53:41 UTC 2026
// 同步 ID: b6711099 @ Mon Jul 20 05:36:30 UTC 2026
// 重构日志: 8f3a22c0
// 同步 ID: bde947f7 @ Mon Jul 20 17:04:38 UTC 2026
// 同步 ID: 48193450 @ Wed Jul 22 04:40:31 UTC 2026
// 同步 ID: 3300dba6 @ Wed Jul 22 12:34:41 UTC 2026
// 同步 ID: 3c975ad1 @ Thu Jul 23 01:31:26 UTC 2026
// 重构日志: 7d2dec12
// 重构日志: d4ccba3f
// 同步 ID: 45bd53c5 @ Thu Jul 23 17:09:20 UTC 2026
// 同步 ID: 46cd6bda @ Fri Jul 24 04:53:57 UTC 2026
// 重构日志: c271da5b
